<?xml version="1.0" encoding="utf-8"?><testsuites name="pytest tests"><testsuite name="pytest" errors="0" failures="0" skipped="0" tests="9" time="3.440" timestamp="2026-09-06T21:30:16.258366+00:00" hostname="agent-env-e489508b-403d-447e-80ba-b6b649c6deb9"><testcase classname="tests.test_push_reminders.TestPush" name="test_vapid_public_key" time="0.453" /><testcase classname="tests.test_push_reminders.TestPush" name="test_subscribe_requires_auth" time="0.261" /><testcase classname="tests.test_push_reminders.TestRegression" name="test_water_get" time="0.839" /><testcase classname="tests.test_push_reminders.TestRegression" name="test_water_add" time="0.455" /><testcase classname="tests.test_push_reminders.TestPush" name="test_subscribe_with_token" time="0.659" /><testcase classname="tests.test_push_reminders.TestRegression" name="test_menu_get" time="0.174" /><testcase classname="tests.test_push_reminders.TestPush" name="test_push_test_no_500" time="0.148" /><testcase classname="tests.test_push_reminders.TestReminders" name="test_get_default_reminders" time="0.162" /><testcase classname="tests.test_push_reminders.TestReminders" name="test_put_reminders_persists" time="0.444" /></testsuite></testsuites>