<?xml version="1.0" encoding="utf-8"?><testsuites name="pytest tests"><testsuite name="pytest" errors="0" failures="0" skipped="0" tests="23" time="5.006" timestamp="2026-09-02T06:25:17.368307+00:00" hostname="agent-env-e489508b-403d-447e-80ba-b6b649c6deb9"><testcase classname="tests.backend_test.TestPublic" name="test_categories" time="0.324" /><testcase classname="tests.backend_test.TestPublic" name="test_settings" time="0.219" /><testcase classname="tests.backend_test.TestPublic" name="test_recipes_list" time="0.197" /><testcase classname="tests.backend_test.TestAuth" name="test_admin_login" time="0.573" /><testcase classname="tests.backend_test.TestAuth" name="test_login_invalid" time="0.458" /><testcase classname="tests.backend_test.TestPublic" name="test_recipes_search_quinua" time="0.250" /><testcase classname="tests.backend_test.TestPublic" name="test_recipes_filter_category" time="0.184" /><testcase classname="tests.backend_test.TestAuth" name="test_me_with_token" time="0.148" /><testcase classname="tests.backend_test.TestPublic" name="test_recipe_detail_locked_public" time="0.241" /><testcase classname="tests.backend_test.TestAuth" name="test_me_without_token" time="0.184" /><testcase classname="tests.backend_test.TestAuth" name="test_register_duplicate" time="0.588" /><testcase classname="tests.backend_test.TestAdminRecipes" name="test_create_recipe" time="0.634" /><testcase classname="tests.backend_test.TestSubscription" name="test_new_user_inactive" time="0.157" /><testcase classname="tests.backend_test.TestAdminRecipes" name="test_recipe_appears_public" time="0.120" /><testcase classname="tests.backend_test.TestSubscription" name="test_recipe_locked_for_inactive_client" time="0.321" /><testcase classname="tests.backend_test.TestAdminRecipes" name="test_invalid_category_rejected" time="0.193" /><testcase classname="tests.backend_test.TestAdminRecipes" name="test_delete_recipe" time="0.148" /><testcase classname="tests.backend_test.TestSubscription" name="test_pay_and_admin_approve_flow" time="1.115" /><testcase classname="tests.backend_test.TestAdminSettings" name="test_update_settings" time="0.325" /><testcase classname="tests.backend_test.TestAdminStats" name="test_stats" time="0.109" /><testcase classname="tests.backend_test.TestAdminUsers" name="test_list_users" time="0.117" /><testcase classname="tests.backend_test.TestAdminUsers" name="test_create_grant_revoke_delete" time="0.729" /><testcase classname="tests.backend_test.TestAdminUsers" name="test_non_admin_blocked" time="0.110" /></testsuite></testsuites>